<?xml version="1.0" encoding="utf-8"?>
<coverage line-rate="0.9393" branch-rate="1" version="1.9" timestamp="1749815518" lines-covered="31" lines-valid="33" branches-covered="4" branches-valid="4">
  <sources>
    <source>C:\Users\test\Desktop\Hexa-Dotnet-Angular\C#\TestingCaseStudy\TestingCaseStudy\</source>
  </sources>
  <packages>
    <package name="TestingCaseStudy" line-rate="0.9393" branch-rate="1" complexity="19">
      <classes>
        <class name="TestingCaseStudy.Repository.IMemoryStudentRepository" filename="Repository\IMemoryStudentRepository.cs" line-rate="0.95" branch-rate="1" complexity="9">
          <methods>
            <method name="GetAll" signature="()" line-rate="1" branch-rate="1" complexity="1">
              <lines>
                <line number="14" hits="1" branch="False" />
              </lines>
            </method>
            <method name="GetByRollNo" signature="(System.Int32)" line-rate="1" branch-rate="1" complexity="1">
              <lines>
                <line number="16" hits="9" branch="False" />
              </lines>
            </method>
            <method name="GetByName" signature="(System.String)" line-rate="0" branch-rate="1" complexity="1">
              <lines>
                <line number="18" hits="0" branch="False" />
              </lines>
            </method>
            <method name="Add" signature="(TestingCaseStudy.Domain.Student)" line-rate="1" branch-rate="1" complexity="1">
              <lines>
                <line number="20" hits="5" branch="False" />
              </lines>
            </method>
            <method name="Update" signature="(TestingCaseStudy.Domain.Student)" line-rate="1" branch-rate="1" complexity="2">
              <lines>
                <line number="23" hits="1" branch="False" />
                <line number="24" hits="1" branch="False" />
                <line number="25" hits="1" branch="True" condition-coverage="100% (2/2)">
                  <conditions>
                    <condition number="20" type="jump" coverage="100%" />
                  </conditions>
                </line>
                <line number="26" hits="1" branch="False" />
                <line number="27" hits="1" branch="False" />
                <line number="28" hits="1" branch="False" />
                <line number="29" hits="1" branch="False" />
                <line number="30" hits="1" branch="False" />
              </lines>
            </method>
            <method name="Delete" signature="(System.Int32)" line-rate="1" branch-rate="1" complexity="2">
              <lines>
                <line number="34" hits="1" branch="False" />
                <line number="35" hits="1" branch="False" />
                <line number="36" hits="1" branch="True" condition-coverage="100% (2/2)">
                  <conditions>
                    <condition number="15" type="jump" coverage="100%" />
                  </conditions>
                </line>
                <line number="37" hits="1" branch="False" />
                <line number="38" hits="1" branch="False" />
                <line number="39" hits="1" branch="False" />
                <line number="40" hits="1" branch="False" />
              </lines>
            </method>
            <method name=".ctor" signature="()" line-rate="1" branch-rate="1" complexity="1">
              <lines>
                <line number="12" hits="4" branch="False" />
              </lines>
            </method>
          </methods>
          <lines>
            <line number="14" hits="1" branch="False" />
            <line number="16" hits="9" branch="False" />
            <line number="18" hits="0" branch="False" />
            <line number="20" hits="5" branch="False" />
            <line number="23" hits="1" branch="False" />
            <line number="24" hits="1" branch="False" />
            <line number="25" hits="1" branch="True" condition-coverage="100% (2/2)">
              <conditions>
                <condition number="20" type="jump" coverage="100%" />
              </conditions>
            </line>
            <line number="26" hits="1" branch="False" />
            <line number="27" hits="1" branch="False" />
            <line number="28" hits="1" branch="False" />
            <line number="29" hits="1" branch="False" />
            <line number="30" hits="1" branch="False" />
            <line number="34" hits="1" branch="False" />
            <line number="35" hits="1" branch="False" />
            <line number="36" hits="1" branch="True" condition-coverage="100% (2/2)">
              <conditions>
                <condition number="15" type="jump" coverage="100%" />
              </conditions>
            </line>
            <line number="37" hits="1" branch="False" />
            <line number="38" hits="1" branch="False" />
            <line number="39" hits="1" branch="False" />
            <line number="40" hits="1" branch="False" />
            <line number="12" hits="4" branch="False" />
          </lines>
        </class>
        <class name="TestingCaseStudy.Domain.Student" filename="Domain\Student.cs" line-rate="1" branch-rate="1" complexity="3">
          <methods>
            <method name="get_RollNo" signature="()" line-rate="1" branch-rate="1" complexity="1">
              <lines>
                <line number="11" hits="10" branch="False" />
              </lines>
            </method>
            <method name="get_Name" signature="()" line-rate="1" branch-rate="1" complexity="1">
              <lines>
                <line number="13" hits="10" branch="False" />
              </lines>
            </method>
            <method name="get_Email" signature="()" line-rate="1" branch-rate="1" complexity="1">
              <lines>
                <line number="15" hits="7" branch="False" />
              </lines>
            </method>
          </methods>
          <lines>
            <line number="11" hits="10" branch="False" />
            <line number="13" hits="10" branch="False" />
            <line number="15" hits="7" branch="False" />
          </lines>
        </class>
        <class name="TestingCaseStudy.BuisnessLogic.StudentService" filename="BuisnessLogic\StudentService.cs" line-rate="0.9" branch-rate="1" complexity="7">
          <methods>
            <method name="GetAllStudents" signature="()" line-rate="1" branch-rate="1" complexity="1">
              <lines>
                <line number="21" hits="1" branch="False" />
              </lines>
            </method>
            <method name="GetStudentByRollNo" signature="(System.Int32)" line-rate="1" branch-rate="1" complexity="1">
              <lines>
                <line number="23" hits="3" branch="False" />
              </lines>
            </method>
            <method name="GetStudentByName" signature="(System.String)" line-rate="0" branch-rate="1" complexity="1">
              <lines>
                <line number="25" hits="0" branch="False" />
              </lines>
            </method>
            <method name="AddStudent" signature="(TestingCaseStudy.Domain.Student)" line-rate="1" branch-rate="1" complexity="1">
              <lines>
                <line number="27" hits="5" branch="False" />
              </lines>
            </method>
            <method name="UpdateStudent" signature="(TestingCaseStudy.Domain.Student)" line-rate="1" branch-rate="1" complexity="1">
              <lines>
                <line number="29" hits="1" branch="False" />
              </lines>
            </method>
            <method name="DeleteStudent" signature="(System.Int32)" line-rate="1" branch-rate="1" complexity="1">
              <lines>
                <line number="31" hits="1" branch="False" />
              </lines>
            </method>
            <method name=".ctor" signature="(TestingCaseStudy.Repository.IStudentRepository)" line-rate="1" branch-rate="1" complexity="1">
              <lines>
                <line number="16" hits="4" branch="False" />
                <line number="17" hits="4" branch="False" />
                <line number="18" hits="4" branch="False" />
                <line number="19" hits="4" branch="False" />
              </lines>
            </method>
          </methods>
          <lines>
            <line number="21" hits="1" branch="False" />
            <line number="23" hits="3" branch="False" />
            <line number="25" hits="0" branch="False" />
            <line number="27" hits="5" branch="False" />
            <line number="29" hits="1" branch="False" />
            <line number="31" hits="1" branch="False" />
            <line number="16" hits="4" branch="False" />
            <line number="17" hits="4" branch="False" />
            <line number="18" hits="4" branch="False" />
            <line number="19" hits="4" branch="False" />
          </lines>
        </class>
      </classes>
    </package>
  </packages>
</coverage>